<?xml version="1.0" encoding="UTF-8"?>
<testng-results skipped="0" failed="0" total="1" passed="1">
  <reporter-output>
  </reporter-output>
  <suite name="Suite" duration-ms="3667" started-at="2020-02-14T02:19:31Z" finished-at="2020-02-14T02:19:35Z">
    <groups>
      <group name="cucumber">
        <method signature="AbstractTestNGCucumberTests.feature(cucumber.api.testng.CucumberFeatureWrapper)[pri:0, instance:CucumberOptions.TestRunner@3fee9989]" name="feature" class="cucumber.api.testng.AbstractTestNGCucumberTests"/>
      </group> <!-- cucumber -->
    </groups>
    <test name="Test" duration-ms="3667" started-at="2020-02-14T02:19:31Z" finished-at="2020-02-14T02:19:35Z">
      <class name="CucumberOptions.TestRunner">
        <test-method status="PASS" signature="setUpClass()[pri:0, instance:CucumberOptions.TestRunner@3fee9989]" name="setUpClass" is-config="true" duration-ms="154" started-at="2020-02-13T21:19:31Z" finished-at="2020-02-13T21:19:31Z">
          <reporter-output>
          </reporter-output>
        </test-method> <!-- setUpClass -->
        <test-method status="PASS" signature="feature(cucumber.api.testng.CucumberFeatureWrapper)[pri:0, instance:CucumberOptions.TestRunner@3fee9989]" name="feature" duration-ms="3425" started-at="2020-02-13T21:19:31Z" description="Runs Cucumber Feature" data-provider="features" finished-at="2020-02-13T21:19:35Z">
          <params>
            <param index="0">
              <value>
                <![CDATA[Validating place APIs]]>
              </value>
            </param>
          </params>
          <reporter-output>
          </reporter-output>
        </test-method> <!-- feature -->
        <test-method status="PASS" signature="tearDownClass()[pri:0, instance:CucumberOptions.TestRunner@3fee9989]" name="tearDownClass" is-config="true" duration-ms="22" started-at="2020-02-13T21:19:35Z" finished-at="2020-02-13T21:19:35Z">
          <reporter-output>
          </reporter-output>
        </test-method> <!-- tearDownClass -->
      </class> <!-- CucumberOptions.TestRunner -->
      <class name="resources.Utils">
        <test-method status="PASS" signature="getFilePath(java.lang.String)[pri:0, instance:resources.Utils@2f686d1f]" name="getFilePath" is-config="true" duration-ms="7" started-at="2020-02-13T21:19:31Z" finished-at="2020-02-13T21:19:31Z">
          <params>
            <param index="0">
              <value>
                <![CDATA[src/test/java/resources/data.properties]]>
              </value>
            </param>
          </params>
          <reporter-output>
          </reporter-output>
        </test-method> <!-- getFilePath -->
      </class> <!-- resources.Utils -->
    </test> <!-- Test -->
  </suite> <!-- Suite -->
</testng-results>
